Watching for file changes with StatReloader
"GET / HTTP/1.1" 200 12
/Users/maryafaivisovich/Desktop/django/project/myproject/myproject/settings.py changed, reloading.
Watching for file changes with StatReloader
/Users/maryafaivisovich/Desktop/django/project/myproject/myproject/settings.py changed, reloading.
Watching for file changes with StatReloader
/Users/maryafaivisovich/Desktop/django/project/myproject/myproject/settings.py changed, reloading.
Watching for file changes with StatReloader
/Users/maryafaivisovich/Desktop/django/project/myproject/myapp/views.py changed, reloading.
Watching for file changes with StatReloader
/Users/maryafaivisovich/Desktop/django/project/myproject/myapp/views.py changed, reloading.
Watching for file changes with StatReloader
/Users/maryafaivisovich/Desktop/django/project/myproject/myapp/views.py changed, reloading.
Watching for file changes with StatReloader
/Users/maryafaivisovich/Desktop/django/project/myproject/myapp/views.py changed, reloading.
Watching for file changes with StatReloader
/Users/maryafaivisovich/Desktop/django/project/myproject/myapp/views.py changed, reloading.
Watching for file changes with StatReloader
/Users/maryafaivisovich/Desktop/django/project/myproject/myapp/views.py changed, reloading.
Watching for file changes with StatReloader
/Users/maryafaivisovich/Desktop/django/project/myproject/myapp/views.py changed, reloading.
Watching for file changes with StatReloader
/Users/maryafaivisovich/Desktop/django/project/myproject/myapp/views.py changed, reloading.
Watching for file changes with StatReloader
/Users/maryafaivisovich/Desktop/django/project/myproject/myapp/views.py changed, reloading.
Watching for file changes with StatReloader
/Users/maryafaivisovich/Desktop/django/project/myproject/myapp/views.py changed, reloading.
Watching for file changes with StatReloader
/Users/maryafaivisovich/Desktop/django/project/myproject/myapp/views.py changed, reloading.
Watching for file changes with StatReloader
/Users/maryafaivisovich/Desktop/django/project/myproject/myapp/views.py changed, reloading.
Watching for file changes with StatReloader
/Users/maryafaivisovich/Desktop/django/project/myproject/myapp/views.py changed, reloading.
Watching for file changes with StatReloader
/Users/maryafaivisovich/Desktop/django/project/myproject/myapp/views.py changed, reloading.
Watching for file changes with StatReloader
/Users/maryafaivisovich/Desktop/django/project/myproject/myapp/views.py changed, reloading.
Watching for file changes with StatReloader
/Users/maryafaivisovich/Desktop/django/project/myproject/myapp/views.py changed, reloading.
Watching for file changes with StatReloader
/Users/maryafaivisovich/Desktop/django/project/myproject/myapp/views.py changed, reloading.
Watching for file changes with StatReloader
/Users/maryafaivisovich/Desktop/django/project/myproject/myapp/views.py changed, reloading.
Watching for file changes with StatReloader
/Users/maryafaivisovich/Desktop/django/project/myproject/myapp/views.py changed, reloading.
Watching for file changes with StatReloader
/Users/maryafaivisovich/Desktop/django/project/myproject/myapp/views.py changed, reloading.
Watching for file changes with StatReloader
/Users/maryafaivisovich/Desktop/django/project/myproject/myapp/views.py changed, reloading.
Watching for file changes with StatReloader
/Users/maryafaivisovich/Desktop/django/project/myproject/myapp/views.py changed, reloading.
Watching for file changes with StatReloader
/Users/maryafaivisovich/Desktop/django/project/myproject/myapp/views.py changed, reloading.
Watching for file changes with StatReloader
/Users/maryafaivisovich/Desktop/django/project/myproject/myapp/views.py changed, reloading.
Watching for file changes with StatReloader
/Users/maryafaivisovich/Desktop/django/project/myproject/myapp/views.py changed, reloading.
Watching for file changes with StatReloader
/Users/maryafaivisovich/Desktop/django/project/myproject/myapp/views.py changed, reloading.
Watching for file changes with StatReloader
/Users/maryafaivisovich/Desktop/django/project/myproject/myapp/views.py changed, reloading.
Watching for file changes with StatReloader
/Users/maryafaivisovich/Desktop/django/project/myproject/myapp/views.py changed, reloading.
Watching for file changes with StatReloader
/Users/maryafaivisovich/Desktop/django/project/myproject/myapp/views.py changed, reloading.
Watching for file changes with StatReloader
/Users/maryafaivisovich/Desktop/django/project/myproject/myapp/views.py changed, reloading.
Watching for file changes with StatReloader
/Users/maryafaivisovich/Desktop/django/project/myproject/myapp/views.py changed, reloading.
Watching for file changes with StatReloader
/Users/maryafaivisovich/Desktop/django/project/myproject/myapp/views.py changed, reloading.
Watching for file changes with StatReloader
/Users/maryafaivisovich/Desktop/django/project/myproject/myapp/views.py changed, reloading.
Watching for file changes with StatReloader
/Users/maryafaivisovich/Desktop/django/project/myproject/myapp/views.py changed, reloading.
Watching for file changes with StatReloader
/Users/maryafaivisovich/Desktop/django/project/myproject/myapp/views.py changed, reloading.
Watching for file changes with StatReloader
/Users/maryafaivisovich/Desktop/django/project/myproject/myapp/views.py changed, reloading.
Watching for file changes with StatReloader
/Users/maryafaivisovich/Desktop/django/project/myproject/myapp/views.py changed, reloading.
Watching for file changes with StatReloader
/Users/maryafaivisovich/Desktop/django/project/myproject/myapp/views.py changed, reloading.
Watching for file changes with StatReloader
/Users/maryafaivisovich/Desktop/django/project/myproject/myapp/views.py changed, reloading.
Watching for file changes with StatReloader
/Users/maryafaivisovich/Desktop/django/project/myproject/myapp/views.py changed, reloading.
Watching for file changes with StatReloader
/Users/maryafaivisovich/Desktop/django/project/myproject/myapp/views.py changed, reloading.
Watching for file changes with StatReloader
/Users/maryafaivisovich/Desktop/django/project/myproject/myapp/views.py changed, reloading.
Watching for file changes with StatReloader
/Users/maryafaivisovich/Desktop/django/project/myproject/myapp/views.py changed, reloading.
Watching for file changes with StatReloader
/Users/maryafaivisovich/Desktop/django/project/myproject/myapp/views.py changed, reloading.
Watching for file changes with StatReloader
/Users/maryafaivisovich/Desktop/django/project/myproject/myapp/views.py changed, reloading.
Watching for file changes with StatReloader
/Users/maryafaivisovich/Desktop/django/project/myproject/myapp/views.py changed, reloading.
Watching for file changes with StatReloader
/Users/maryafaivisovich/Desktop/django/project/myproject/myapp/views.py changed, reloading.
Watching for file changes with StatReloader
/Users/maryafaivisovich/Desktop/django/project/myproject/myapp/views.py changed, reloading.
Watching for file changes with StatReloader
/Users/maryafaivisovich/Desktop/django/project/myproject/myapp/views.py changed, reloading.
Watching for file changes with StatReloader
/Users/maryafaivisovich/Desktop/django/project/myproject/myapp/views.py changed, reloading.
Watching for file changes with StatReloader
/Users/maryafaivisovich/Desktop/django/project/myproject/myapp/views.py changed, reloading.
Watching for file changes with StatReloader
/Users/maryafaivisovich/Desktop/django/project/myproject/myapp/views.py changed, reloading.
Watching for file changes with StatReloader
/Users/maryafaivisovich/Desktop/django/project/myproject/myapp/views.py changed, reloading.
Watching for file changes with StatReloader
/Users/maryafaivisovich/Desktop/django/project/myproject/myapp/views.py changed, reloading.
Watching for file changes with StatReloader
/Users/maryafaivisovich/Desktop/django/project/myproject/myapp/views.py changed, reloading.
Watching for file changes with StatReloader
/Users/maryafaivisovich/Desktop/django/project/myproject/myapp/views.py changed, reloading.
Watching for file changes with StatReloader
/Users/maryafaivisovich/Desktop/django/project/myproject/myapp/views.py changed, reloading.
Watching for file changes with StatReloader
/Users/maryafaivisovich/Desktop/django/project/myproject/myapp/views.py changed, reloading.
Watching for file changes with StatReloader
/Users/maryafaivisovich/Desktop/django/project/myproject/myapp/views.py changed, reloading.
Watching for file changes with StatReloader
/Users/maryafaivisovich/Desktop/django/project/myproject/myapp/views.py changed, reloading.
Watching for file changes with StatReloader
/Users/maryafaivisovich/Desktop/django/project/myproject/myapp/views.py changed, reloading.
Watching for file changes with StatReloader
/Users/maryafaivisovich/Desktop/django/project/myproject/myapp/views.py changed, reloading.
Watching for file changes with StatReloader
/Users/maryafaivisovich/Desktop/django/project/myproject/myapp/views.py changed, reloading.
Watching for file changes with StatReloader
/Users/maryafaivisovich/Desktop/django/project/myproject/myapp/views.py changed, reloading.
Watching for file changes with StatReloader
/Users/maryafaivisovich/Desktop/django/project/myproject/myapp/views.py changed, reloading.
Watching for file changes with StatReloader
/Users/maryafaivisovich/Desktop/django/project/myproject/myapp/views.py changed, reloading.
Watching for file changes with StatReloader
/Users/maryafaivisovich/Desktop/django/project/myproject/myapp/views.py changed, reloading.
Watching for file changes with StatReloader
/Users/maryafaivisovich/Desktop/django/project/myproject/myapp/views.py changed, reloading.
Watching for file changes with StatReloader
/Users/maryafaivisovich/Desktop/django/project/myproject/myapp/views.py changed, reloading.
Watching for file changes with StatReloader
/Users/maryafaivisovich/Desktop/django/project/myproject/myapp/views.py changed, reloading.
Watching for file changes with StatReloader
/Users/maryafaivisovich/Desktop/django/project/myproject/myapp/views.py changed, reloading.
Watching for file changes with StatReloader
/Users/maryafaivisovich/Desktop/django/project/myproject/myapp/views.py changed, reloading.
Watching for file changes with StatReloader
/Users/maryafaivisovich/Desktop/django/project/myproject/myapp/views.py changed, reloading.
Watching for file changes with StatReloader
/Users/maryafaivisovich/Desktop/django/project/myproject/myapp/views.py changed, reloading.
Watching for file changes with StatReloader
/Users/maryafaivisovich/Desktop/django/project/myproject/myapp/views.py changed, reloading.
Watching for file changes with StatReloader
/Users/maryafaivisovich/Desktop/django/project/myproject/myapp/views.py changed, reloading.
Watching for file changes with StatReloader
/Users/maryafaivisovich/Desktop/django/project/myproject/myapp/views.py changed, reloading.
Watching for file changes with StatReloader
/Users/maryafaivisovich/Desktop/django/project/myproject/myapp/views.py changed, reloading.
Watching for file changes with StatReloader
/Users/maryafaivisovich/Desktop/django/project/myproject/myapp/views.py changed, reloading.
Watching for file changes with StatReloader
/Users/maryafaivisovich/Desktop/django/project/myproject/myapp/views.py changed, reloading.
Watching for file changes with StatReloader
/Users/maryafaivisovich/Desktop/django/project/myproject/myapp/views.py changed, reloading.
Watching for file changes with StatReloader
/Users/maryafaivisovich/Desktop/django/project/myproject/myapp/views.py changed, reloading.
Watching for file changes with StatReloader
/Users/maryafaivisovich/Desktop/django/project/myproject/myapp/views.py changed, reloading.
Watching for file changes with StatReloader
/Users/maryafaivisovich/Desktop/django/project/myproject/myapp/views.py changed, reloading.
Watching for file changes with StatReloader
/Users/maryafaivisovich/Desktop/django/project/myproject/myapp/views.py changed, reloading.
Watching for file changes with StatReloader
Index page accessed
"GET / HTTP/1.1" 200 12
Error in about page: division by zero
Traceback (most recent call last):
  File "/Users/maryafaivisovich/Desktop/django/project/myproject/myapp/views.py", line 15, in about
    result = 1/0
             ~^~
ZeroDivisionError: division by zero
"GET /about/ HTTP/1.1" 200 27
/Users/maryafaivisovich/Desktop/django/project/myproject/myproject/settings.py changed, reloading.
Watching for file changes with StatReloader
/Users/maryafaivisovich/Desktop/django/project/myproject/myproject/settings.py changed, reloading.
Watching for file changes with StatReloader
/Users/maryafaivisovich/Desktop/django/project/myproject/myproject/settings.py changed, reloading.
INFO 2024-01-11 10:34:10,638 autoreload 23001 7978492032 Watching for file changes with StatReloader
WARNING 2024-01-11 10:34:19,793 log 23001 6204534784 Not Found: /about/
WARNING 2024-01-11 10:34:19,794 basehttp 23001 6204534784 "GET /about/ HTTP/1.1" 404 2205
INFO 2024-01-11 10:37:36,971 autoreload 23001 7978492032 /Users/maryafaivisovich/Desktop/django/project/myproject/myproject/urls.py changed, reloading.
INFO 2024-01-11 10:37:37,148 autoreload 23027 7978492032 Watching for file changes with StatReloader
ERROR 2024-01-11 10:37:42,533 views 23027 6204813312 Error in about page: division by zero
Traceback (most recent call last):
  File "/Users/maryafaivisovich/Desktop/django/project/myproject/myapp/views.py", line 15, in about
    result = 1/0
             ~^~
ZeroDivisionError: division by zero
INFO 2024-01-11 10:37:42,534 basehttp 23027 6204813312 "GET /about/ HTTP/1.1" 200 27
INFO 2024-01-11 10:37:47,850 views 23027 6204813312 Index page accessed
INFO 2024-01-11 10:37:47,853 basehttp 23027 6204813312 "GET / HTTP/1.1" 200 12
INFO 2024-01-11 10:51:55,679 views 23027 6204813312 Index page accessed
INFO 2024-01-11 10:51:55,680 basehttp 23027 6204813312 "GET / HTTP/1.1" 200 12
ERROR 2024-01-11 10:52:05,294 views 23027 6204813312 Error in about page: division by zero
Traceback (most recent call last):
  File "/Users/maryafaivisovich/Desktop/django/project/myproject/myapp/views.py", line 15, in about
    result = 1/0
             ~^~
ZeroDivisionError: division by zero
INFO 2024-01-11 10:52:05,295 basehttp 23027 6204813312 "GET /about/ HTTP/1.1" 200 27
WARNING 2024-01-11 10:54:41,178 log 23027 6204813312 Not Found: /favicon.ico
WARNING 2024-01-11 10:54:41,180 basehttp 23027 6204813312 "GET /favicon.ico HTTP/1.1" 404 2441
INFO 2024-01-12 09:28:30,576 autoreload 6793 8312692864 Watching for file changes with StatReloader
INFO 2024-01-12 09:28:36,433 views 6793 6205452288 Index page accessed
INFO 2024-01-12 09:28:36,433 basehttp 6793 6205452288 "GET / HTTP/1.1" 200 12
WARNING 2024-01-12 09:28:36,474 log 6793 6205452288 Not Found: /favicon.ico
WARNING 2024-01-12 09:28:36,474 basehttp 6793 6205452288 "GET /favicon.ico HTTP/1.1" 404 2441
INFO 2024-01-12 09:28:48,047 views 6793 6205452288 Index page accessed
INFO 2024-01-12 09:28:48,048 basehttp 6793 6205452288 "GET /about/ HTTP/1.1" 200 12
INFO 2024-01-12 09:28:52,764 views 6793 6205452288 Index page accessed
INFO 2024-01-12 09:28:52,764 basehttp 6793 6205452288 "GET /about/ HTTP/1.1" 200 12
INFO 2024-01-12 09:28:58,470 views 6793 6205452288 Index page accessed
INFO 2024-01-12 09:28:58,473 basehttp 6793 6205452288 "GET / HTTP/1.1" 200 12
INFO 2024-01-12 09:29:37,977 autoreload 6793 8312692864 /Users/maryafaivisovich/Desktop/django/Django_HW1/myproject/myapp/views.py changed, reloading.
INFO 2024-01-12 09:29:38,208 autoreload 6883 8312692864 Watching for file changes with StatReloader
INFO 2024-01-12 09:29:41,368 autoreload 6883 8312692864 /Users/maryafaivisovich/Desktop/django/Django_HW1/myproject/myapp/views.py changed, reloading.
INFO 2024-01-12 09:29:41,550 autoreload 6896 8312692864 Watching for file changes with StatReloader
INFO 2024-01-12 09:29:43,687 autoreload 6896 8312692864 /Users/maryafaivisovich/Desktop/django/Django_HW1/myproject/myapp/views.py changed, reloading.
INFO 2024-01-12 09:29:43,869 autoreload 6899 8312692864 Watching for file changes with StatReloader
INFO 2024-01-12 09:29:51,056 autoreload 6899 8312692864 /Users/maryafaivisovich/Desktop/django/Django_HW1/myproject/myapp/views.py changed, reloading.
INFO 2024-01-12 09:29:51,218 autoreload 6920 8312692864 Watching for file changes with StatReloader
INFO 2024-01-12 09:29:59,446 autoreload 6920 8312692864 /Users/maryafaivisovich/Desktop/django/Django_HW1/myproject/myapp/views.py changed, reloading.
INFO 2024-01-12 09:29:59,636 autoreload 6933 8312692864 Watching for file changes with StatReloader
INFO 2024-01-12 09:30:07,852 autoreload 6933 8312692864 /Users/maryafaivisovich/Desktop/django/Django_HW1/myproject/myapp/views.py changed, reloading.
INFO 2024-01-12 09:30:08,036 autoreload 6950 8312692864 Watching for file changes with StatReloader
INFO 2024-01-12 09:30:09,158 autoreload 6950 8312692864 /Users/maryafaivisovich/Desktop/django/Django_HW1/myproject/myapp/views.py changed, reloading.
INFO 2024-01-12 09:30:09,317 autoreload 6953 8312692864 Watching for file changes with StatReloader
INFO 2024-01-12 09:30:11,646 views 6953 6125907968 Index page accessed
INFO 2024-01-12 09:30:11,647 basehttp 6953 6125907968 "GET / HTTP/1.1" 200 12
INFO 2024-01-12 09:30:12,941 views 6953 6125907968 Index page accessed
INFO 2024-01-12 09:30:12,942 basehttp 6953 6125907968 "GET / HTTP/1.1" 200 12
INFO 2024-01-12 09:30:18,467 views 6953 6125907968 Index page accessed
INFO 2024-01-12 09:30:18,468 basehttp 6953 6125907968 "GET /about/ HTTP/1.1" 200 180
INFO 2024-01-12 09:30:49,239 autoreload 6953 8312692864 /Users/maryafaivisovich/Desktop/django/Django_HW1/myproject/myapp/views.py changed, reloading.
INFO 2024-01-12 09:30:49,414 autoreload 7002 8312692864 Watching for file changes with StatReloader
INFO 2024-01-12 09:30:59,229 views 7002 6198915072 Index page accessed
INFO 2024-01-12 09:30:59,229 basehttp 7002 6198915072 "GET / HTTP/1.1" 200 39
INFO 2024-01-12 09:31:12,945 views 7002 6198915072 Index page accessed
INFO 2024-01-12 09:31:12,945 basehttp 7002 6198915072 "GET /about/ HTTP/1.1" 200 180
INFO 2024-01-12 09:32:05,043 autoreload 7002 8312692864 /Users/maryafaivisovich/Desktop/django/Django_HW1/myproject/myapp/views.py changed, reloading.
INFO 2024-01-12 09:32:05,226 autoreload 7096 8312692864 Watching for file changes with StatReloader
INFO 2024-01-12 09:32:09,367 autoreload 7096 8312692864 /Users/maryafaivisovich/Desktop/django/Django_HW1/myproject/myapp/views.py changed, reloading.
INFO 2024-01-12 09:32:09,550 autoreload 7107 8312692864 Watching for file changes with StatReloader
INFO 2024-01-12 09:32:12,713 autoreload 7107 8312692864 /Users/maryafaivisovich/Desktop/django/Django_HW1/myproject/myapp/views.py changed, reloading.
INFO 2024-01-12 09:32:12,900 autoreload 7118 8312692864 Watching for file changes with StatReloader
INFO 2024-01-12 09:32:17,056 autoreload 7118 8312692864 /Users/maryafaivisovich/Desktop/django/Django_HW1/myproject/myapp/views.py changed, reloading.
INFO 2024-01-12 09:32:17,239 autoreload 7129 8312692864 Watching for file changes with StatReloader
INFO 2024-01-12 09:32:20,374 autoreload 7129 8312692864 /Users/maryafaivisovich/Desktop/django/Django_HW1/myproject/myapp/views.py changed, reloading.
INFO 2024-01-12 09:32:20,544 autoreload 7133 8312692864 Watching for file changes with StatReloader
INFO 2024-01-12 09:32:24,694 autoreload 7133 8312692864 /Users/maryafaivisovich/Desktop/django/Django_HW1/myproject/myapp/views.py changed, reloading.
INFO 2024-01-12 09:32:24,874 autoreload 7143 8312692864 Watching for file changes with StatReloader
INFO 2024-01-12 09:32:30,042 autoreload 7143 8312692864 /Users/maryafaivisovich/Desktop/django/Django_HW1/myproject/myapp/views.py changed, reloading.
INFO 2024-01-12 09:32:30,225 autoreload 7154 8312692864 Watching for file changes with StatReloader
INFO 2024-01-12 09:32:32,356 autoreload 7154 8312692864 /Users/maryafaivisovich/Desktop/django/Django_HW1/myproject/myapp/views.py changed, reloading.
INFO 2024-01-12 09:32:32,520 autoreload 7162 8312692864 Watching for file changes with StatReloader
INFO 2024-01-12 09:32:42,771 autoreload 7162 8312692864 /Users/maryafaivisovich/Desktop/django/Django_HW1/myproject/myapp/views.py changed, reloading.
INFO 2024-01-12 09:32:42,949 autoreload 7178 8312692864 Watching for file changes with StatReloader
INFO 2024-01-12 09:32:48,113 autoreload 7178 8312692864 /Users/maryafaivisovich/Desktop/django/Django_HW1/myproject/myapp/views.py changed, reloading.
INFO 2024-01-12 09:32:48,293 autoreload 7189 8312692864 Watching for file changes with StatReloader
INFO 2024-01-12 09:32:52,450 autoreload 7189 8312692864 /Users/maryafaivisovich/Desktop/django/Django_HW1/myproject/myapp/views.py changed, reloading.
INFO 2024-01-12 09:32:52,629 autoreload 7199 8312692864 Watching for file changes with StatReloader
INFO 2024-01-12 09:32:58,457 views 7199 6202093568 Index page accessed
INFO 2024-01-12 09:32:58,458 basehttp 7199 6202093568 "GET / HTTP/1.1" 200 134
